<?xml version="1.0" encoding="UTF-8"?>
<testng-results skipped="0" failed="0" ignored="0" total="2" passed="2">
  <reporter-output>
  </reporter-output>
  <suite name="Command line suite" duration-ms="85878" started-at="2021-02-20T13:05:25Z" finished-at="2021-02-20T13:06:51Z">
    <groups>
    </groups>
    <test name="Command line test" duration-ms="85878" started-at="2021-02-20T13:05:25Z" finished-at="2021-02-20T13:06:51Z">
      <class name="com.crm.qa.Testcase.HomePageTest">
        <test-method status="PASS" signature="setUp()[pri:0, instance:com.crm.qa.Testcase.HomePageTest@79698539]" name="setUp" is-config="true" duration-ms="41215" started-at="2021-02-20T18:35:25Z" finished-at="2021-02-20T18:36:06Z">
          <reporter-output>
          </reporter-output>
        </test-method> <!-- setUp -->
        <test-method status="PASS" signature="DealsPageTest()[pri:1, instance:com.crm.qa.Testcase.HomePageTest@79698539]" name="DealsPageTest" duration-ms="1284" started-at="2021-02-20T18:36:06Z" finished-at="2021-02-20T18:36:08Z">
          <reporter-output>
          </reporter-output>
        </test-method> <!-- DealsPageTest -->
        <test-method status="PASS" signature="tearDown()[pri:0, instance:com.crm.qa.Testcase.HomePageTest@79698539]" name="tearDown" is-config="true" duration-ms="0" started-at="2021-02-20T18:36:08Z" finished-at="2021-02-20T18:36:08Z">
          <reporter-output>
          </reporter-output>
        </test-method> <!-- tearDown -->
      </class> <!-- com.crm.qa.Testcase.HomePageTest -->
      <class name="com.crm.qa.Testcase.LoginPageTest">
        <test-method status="PASS" signature="setUp()[pri:0, instance:com.crm.qa.Testcase.LoginPageTest@73f792cf]" name="setUp" is-config="true" duration-ms="30535" started-at="2021-02-20T18:36:08Z" finished-at="2021-02-20T18:36:39Z">
          <reporter-output>
          </reporter-output>
        </test-method> <!-- setUp -->
        <test-method status="PASS" signature="loginTest()[pri:1, instance:com.crm.qa.Testcase.LoginPageTest@73f792cf]" name="loginTest" duration-ms="10645" started-at="2021-02-20T18:36:39Z" finished-at="2021-02-20T18:36:49Z">
          <reporter-output>
          </reporter-output>
        </test-method> <!-- loginTest -->
        <test-method status="PASS" signature="tearDown()[pri:0, instance:com.crm.qa.Testcase.LoginPageTest@73f792cf]" name="tearDown" is-config="true" duration-ms="873" started-at="2021-02-20T18:36:50Z" finished-at="2021-02-20T18:36:51Z">
          <reporter-output>
          </reporter-output>
        </test-method> <!-- tearDown -->
      </class> <!-- com.crm.qa.Testcase.LoginPageTest -->
    </test> <!-- Command line test -->
  </suite> <!-- Command line suite -->
</testng-results>
