<?xml version="1.0" encoding="UTF-8"?>
<testng-results skipped="0" failed="0" ignored="0" total="2" passed="2">
  <reporter-output>
  </reporter-output>
  <suite name="FREE CRM Application Test Automation Test Suite" duration-ms="50691" started-at="2021-02-17T13:40:45Z" finished-at="2021-02-17T13:41:36Z">
    <groups>
    </groups>
    <test name="Free CRM App Test Cases" duration-ms="50691" started-at="2021-02-17T13:40:45Z" finished-at="2021-02-17T13:41:36Z">
      <class name="com.crm.qa.Testcase.HomePageTest">
        <test-method status="PASS" signature="setUp()[pri:0, instance:com.crm.qa.Testcase.HomePageTest@3c0ecd4b]" name="setUp" is-config="true" duration-ms="26479" started-at="2021-02-17T13:41:08Z" finished-at="2021-02-17T13:41:35Z">
          <reporter-output>
          </reporter-output>
        </test-method> <!-- setUp -->
        <test-method status="PASS" signature="DealsPageTest()[pri:1, instance:com.crm.qa.Testcase.HomePageTest@3c0ecd4b]" name="DealsPageTest" duration-ms="777" started-at="2021-02-17T13:41:35Z" finished-at="2021-02-17T13:41:35Z">
          <reporter-output>
          </reporter-output>
        </test-method> <!-- DealsPageTest -->
        <test-method status="PASS" signature="tearDown()[pri:0, instance:com.crm.qa.Testcase.HomePageTest@3c0ecd4b]" name="tearDown" is-config="true" duration-ms="0" started-at="2021-02-17T13:41:36Z" finished-at="2021-02-17T13:41:36Z">
          <reporter-output>
          </reporter-output>
        </test-method> <!-- tearDown -->
      </class> <!-- com.crm.qa.Testcase.HomePageTest -->
      <class name="com.crm.qa.Testcase.LoginPageTest">
        <test-method status="PASS" signature="setUp()[pri:0, instance:com.crm.qa.Testcase.LoginPageTest@598067a5]" name="setUp" is-config="true" duration-ms="11493" started-at="2021-02-17T13:40:45Z" finished-at="2021-02-17T13:40:57Z">
          <reporter-output>
          </reporter-output>
        </test-method> <!-- setUp -->
        <test-method status="PASS" signature="loginTest()[pri:1, instance:com.crm.qa.Testcase.LoginPageTest@598067a5]" name="loginTest" duration-ms="10409" started-at="2021-02-17T13:40:57Z" finished-at="2021-02-17T13:41:07Z">
          <reporter-output>
          </reporter-output>
        </test-method> <!-- loginTest -->
        <test-method status="PASS" signature="tearDown()[pri:0, instance:com.crm.qa.Testcase.LoginPageTest@598067a5]" name="tearDown" is-config="true" duration-ms="733" started-at="2021-02-17T13:41:07Z" finished-at="2021-02-17T13:41:08Z">
          <reporter-output>
          </reporter-output>
        </test-method> <!-- tearDown -->
      </class> <!-- com.crm.qa.Testcase.LoginPageTest -->
    </test> <!-- Free CRM App Test Cases -->
  </suite> <!-- FREE CRM Application Test Automation Test Suite -->
</testng-results>
