<?xml version="1.0" encoding="UTF-8"?>
<testng-results skipped="0" failed="0" ignored="0" total="1" passed="1">
  <reporter-output>
  </reporter-output>
  <suite name="FREE CRM Application Test Automation Test Suite" duration-ms="21895" started-at="2021-02-06T18:54:34Z" finished-at="2021-02-06T18:54:56Z">
    <groups>
    </groups>
    <test name="Free CRM App Test Cases" duration-ms="21895" started-at="2021-02-06T18:54:34Z" finished-at="2021-02-06T18:54:56Z">
      <class name="com.crm.qa.Testcase.HomePageTest">
        <test-method status="PASS" signature="setUp()[pri:0, instance:com.crm.qa.Testcase.HomePageTest@13deb50e]" name="setUp" is-config="true" duration-ms="20694" started-at="2021-02-06T18:54:34Z" finished-at="2021-02-06T18:54:54Z">
          <reporter-output>
          </reporter-output>
        </test-method> <!-- setUp -->
        <test-method status="PASS" signature="DealsPageTest()[pri:1, instance:com.crm.qa.Testcase.HomePageTest@13deb50e]" name="DealsPageTest" duration-ms="1136" started-at="2021-02-06T18:54:54Z" finished-at="2021-02-06T18:54:56Z">
          <reporter-output>
          </reporter-output>
        </test-method> <!-- DealsPageTest -->
        <test-method status="PASS" signature="tearDown()[pri:0, instance:com.crm.qa.Testcase.HomePageTest@13deb50e]" name="tearDown" is-config="true" duration-ms="1" started-at="2021-02-06T18:54:56Z" finished-at="2021-02-06T18:54:56Z">
          <reporter-output>
          </reporter-output>
        </test-method> <!-- tearDown -->
      </class> <!-- com.crm.qa.Testcase.HomePageTest -->
    </test> <!-- Free CRM App Test Cases -->
  </suite> <!-- FREE CRM Application Test Automation Test Suite -->
</testng-results>
